nohup: ignoring input

            Correlation functions with resonances            

  Ver 1.0   ----- Christopher Plumberg, 07/2016   

**********************************************************
:::    ::: :::::::::: ::::::::::: ::::    ::: :::::::::
:+:    :+: :+:	       :+:     :+:+:   :+:	:+: 
+:+    +:+ +:+	       +:+     :+:+:+  +:+     +:+  
+#++:++#++ +#++:++#       +#+     +#+ +:+ +#+    +#+   
+#+    +#+ +#+	       +#+     +#+  +#+#+#   +#+    
#+#    #+# #+#	       #+#     #+#   #+#+#  #+#	    
###    ### ########## ########### ###    #### #########

**********************************************************

grouping_particles=0  particle_diff_tolerance=0  use_plane_psi_order=0  ignore_long_lived_resonances=1  max_lifetime=100  include_delta_f=0  include_bulk_pi=1  n_order=4  tolerance=0  flag_negative_s=1  chosenparticlesmode=0  nkt=101  nkphi=48  ktmin=0.01  ktmax=1.01  sv_npt=15  sv_npphi=48  sv_resonancethreshold=0  cf_npt=15  cf_npphi=36  cf_npy=21  cf_resonancethreshold=0  calculate_cf_mode=0  fit_with_projected_cfvals=1  flesh_out_cf=1  qtnpts=51  qxnpts=7  qynpts=7  qznpts=7  delta_qx=0.025  delta_qy=0.025  delta_qz=0.0125  use_log_fit=1  use_lambda=1  use_extrapolation=1  
0   0.00717752
1   0.0378994
2   0.0935073
3   0.174612
4   0.282125
5   0.417334
6   0.581994
7   0.778479
8   1.01002
9   1.28111
10   1.59819
11   1.97107
12   2.41596
13   2.9639
14   3.69431
0   0.0068158
1   0.0358566
2   0.0878776
3   0.162505
4   0.259188
5   0.377212
6   0.515701
7   0.673632
8   0.849835
9   1.043
10   1.25171
11   1.47441
12   1.70945
13   1.9551
14   2.20953
15   2.47086
16   2.73716
17   3.00645
18   3.27674
19   3.54603
20   3.81233
21   4.07366
22   4.32809
23   4.57373
24   4.80877
25   5.03147
26   5.24018
27   5.43335
28   5.60955
29   5.76748
30   5.90597
31   6.024
32   6.12068
33   6.19531
34   6.24733
35   6.27637
0   -4.44089e-16
1   0.0669212
2   0.199269
3   0.394086
4   0.647022
5   0.952425
6   1.30347
7   1.69233
8   2.1103
9   2.54805
10   2.9958
11   3.44355
12   3.8813
13   4.29927
14   4.68813
15   5.03917
16   5.34458
17   5.59751
18   5.79233
19   5.92468
20   5.9916
********************
qt_pts[0] = -0.105969
qt_pts[1] = -0.105197
qt_pts[2] = -0.103663
qt_pts[3] = -0.10139
qt_pts[4] = -0.0984107
qt_pts[5] = -0.0947694
qt_pts[6] = -0.0905188
qt_pts[7] = -0.0857209
qt_pts[8] = -0.0804456
qt_pts[9] = -0.0747699
qt_pts[10] = -0.0687765
qt_pts[11] = -0.0625528
qt_pts[12] = -0.0561896
qt_pts[13] = -0.0497796
qt_pts[14] = -0.0434164
qt_pts[15] = -0.0371927
qt_pts[16] = -0.0311993
qt_pts[17] = -0.0255236
qt_pts[18] = -0.0202483
qt_pts[19] = -0.0154503
qt_pts[20] = -0.0111998
qt_pts[21] = -0.00755849
qt_pts[22] = -0.00457964
qt_pts[23] = -0.00230664
qt_pts[24] = -0.000772635
qt_pts[25] = -1.32815e-18
qt_pts[26] = 0.000772635
qt_pts[27] = 0.00230664
qt_pts[28] = 0.00457964
qt_pts[29] = 0.00755849
qt_pts[30] = 0.0111998
qt_pts[31] = 0.0154503
qt_pts[32] = 0.0202483
qt_pts[33] = 0.0255236
qt_pts[34] = 0.0311993
qt_pts[35] = 0.0371927
qt_pts[36] = 0.0434164
qt_pts[37] = 0.0497796
qt_pts[38] = 0.0561896
qt_pts[39] = 0.0625528
qt_pts[40] = 0.0687765
qt_pts[41] = 0.0747699
qt_pts[42] = 0.0804456
qt_pts[43] = 0.0857209
qt_pts[44] = 0.0905188
qt_pts[45] = 0.0947694
qt_pts[46] = 0.0984107
qt_pts[47] = 0.10139
qt_pts[48] = 0.103663
qt_pts[49] = 0.105197
qt_pts[50] = 0.105969
********************
Setting thermal target moments...
Setting full target moments...
done.
Setting thermal target moments...
Setting full target moments...
done.
Setting thermal target moments...
Setting full target moments...
done.
Setting thermal target moments...
Setting full target moments...
done.
Setting thermal target moments...
Setting full target moments...
done.
Setting thermal target moments...
Setting full target moments...
done.
Setting thermal target moments...
Setting full target moments...
done.
Setting thermal target moments...
Setting full target moments...
done.
Setting thermal target moments...
Setting full target moments...
done.
Setting thermal target moments...
Setting full target moments...
done.
Setting thermal target moments...
Setting full target moments...
done.
Setting thermal target moments...
Setting full target moments...
done.
Setting thermal target moments...
Setting full target moments...
done.
Setting thermal target moments...
Setting full target moments...
done.
Setting thermal target moments...
Setting full target moments...
done.
Setting thermal target moments...
Setting full target moments...
done.
Setting thermal target moments...
Setting full target moments...
done.
Setting thermal target moments...
Setting full target moments...
done.
Setting thermal target moments...
Setting full target moments...
done.
Setting thermal target moments...
Setting full target moments...
done.
Setting thermal target moments...
Setting full target moments...
done.
Setting thermal target moments...
Setting full target moments...
done.
Setting thermal target moments...
Setting full target moments...
done.
Setting thermal target moments...
Setting full target moments...
done.
Setting thermal target moments...
Setting full target moments...
done.
Setting thermal target moments...
Setting full target moments...
done.
Setting thermal target moments...
Setting full target moments...
done.
Setting thermal target moments...
Setting full target moments...
done.
Setting thermal target moments...
Setting full target moments...
done.
Setting thermal target moments...
Setting full target moments...
done.
Setting thermal target moments...
Setting full target moments...
done.
Setting thermal target moments...
Setting full target moments...
done.
Setting thermal target moments...
Setting full target moments...
done.
Setting thermal target moments...
Setting full target moments...
done.
Setting thermal target moments...
Setting full target moments...
done.
Setting thermal target moments...
Setting full target moments...
done.
Setting thermal target moments...
Setting full target moments...
done.
Setting thermal target moments...
Setting full target moments...
done.
Setting thermal target moments...
Setting full target moments...
done.
Setting thermal target moments...
Setting full target moments...
done.
Setting thermal target moments...
Setting full target moments...
done.
Setting thermal target moments...
Setting full target moments...
done.
Setting thermal target moments...
Setting full target moments...
done.
Setting thermal target moments...
Setting full target moments...
done.
Setting thermal target moments...
Setting full target moments...
done.
Setting thermal target moments...
Setting full target moments...
done.
Setting thermal target moments...
Setting full target moments...
done.
Setting thermal target moments...
Setting full target moments...
done.
Setting thermal target moments...
Setting full target moments...
done.
Setting thermal target moments...
Setting full target moments...
done.
Setting thermal target moments...
Setting full target moments...
done.
Setting thermal target moments...
Setting full target moments...
done.
Setting thermal target moments...
Setting full target moments...
done.
Setting thermal target moments...
Setting full target moments...
done.
Setting thermal target moments...
Setting full target moments...
done.
Setting thermal target moments...
Setting full target moments...
done.
Setting thermal target moments...
Setting full target moments...
done.
Setting thermal target moments...
Setting full target moments...
done.
Setting thermal target moments...
Setting full target moments...
done.
Setting thermal target moments...
Setting full target moments...
done.
Setting thermal target moments...
Setting full target moments...
done.
Setting thermal target moments...
Setting full target moments...
done.
Setting thermal target moments...
Setting full target moments...
done.
Setting thermal target moments...
Setting full target moments...
done.
Setting thermal target moments...
Setting full target moments...
done.
Setting thermal target moments...
Setting full target moments...
done.
Setting thermal target moments...
Setting full target moments...
done.
Setting thermal target moments...
Setting full target moments...
done.
Setting thermal target moments...
Setting full target moments...
done.
Setting thermal target moments...
Setting full target moments...
done.
Setting thermal target moments...
Setting full target moments...
done.
Setting thermal target moments...
Setting full target moments...
done.
Setting thermal target moments...
Setting full target moments...
done.
Setting thermal target moments...
Setting full target moments...
done.
Setting thermal target moments...
Setting full target moments...
done.
Setting thermal target moments...
Setting full target moments...
done.
Setting thermal target moments...
Setting full target moments...
done.
Setting thermal target moments...
Setting full target moments...
done.
Setting thermal target moments...
Setting full target moments...
done.
Setting thermal target moments...
Setting full target moments...
done.
Setting thermal target moments...
Setting full target moments...
done.
Setting thermal target moments...
Setting full target moments...
done.
Setting thermal target moments...
Setting full target moments...
done.
Setting thermal target moments...
Setting full target moments...
done.
Setting thermal target moments...
Setting full target moments...
done.
Setting thermal target moments...
Setting full target moments...
done.
Setting thermal target moments...
Setting full target moments...
done.
Setting thermal target moments...
Setting full target moments...
done.
Setting thermal target moments...
Setting full target moments...
done.
Setting thermal target moments...
Setting full target moments...
done.
Setting thermal target moments...
Setting full target moments...
done.
Setting thermal target moments...
Setting full target moments...
done.
Setting thermal target moments...
Setting full target moments...
done.
Setting thermal target moments...
Setting full target moments...
done.
Setting thermal target moments...
Setting full target moments...
done.
Setting thermal target moments...
Setting full target moments...
done.
Setting thermal target moments...
Setting full target moments...
done.
Setting thermal target moments...
Setting full target moments...
done.
Setting thermal target moments...
Setting full target moments...
done.
Setting thermal target moments...
Setting full target moments...
done.
Setting thermal target moments...
Setting full target moments...
done.
Setting thermal target moments...
Setting full target moments...
done.
Setting thermal target moments...
Setting full target moments...
done.
Setting thermal target moments...
Setting full target moments...
done.
Currently reflecting in qz and qt!
Finished reflection in qz and qt!
Currently reflecting in qz and qt!
Finished reflection in qz and qt!
